<?xml version="1.0" encoding="UTF-8"?>
<testng-results skipped="0" failed="0" ignored="0" total="1" passed="1">
  <reporter-output>
  </reporter-output>
  <suite name="Default suite" duration-ms="77" started-at="2020-03-29T02:23:18Z" finished-at="2020-03-29T02:23:18Z">
    <groups>
    </groups>
    <test name="Default test" duration-ms="77" started-at="2020-03-29T02:23:18Z" finished-at="2020-03-29T02:23:18Z">
      <class name="com.pp.Mytt">
        <test-method status="PASS" signature="m1()[pri:0, instance:com.pp.Mytt@100a15d]" name="m1" duration-ms="21" started-at="2020-03-29T07:53:18Z" finished-at="2020-03-29T07:53:18Z">
          <reporter-output>
          </reporter-output>
        </test-method> <!-- m1 -->
      </class> <!-- com.pp.Mytt -->
    </test> <!-- Default test -->
  </suite> <!-- Default suite -->
</testng-results>
